<?xml version="1.0" encoding="UTF-8"?>
<!-- Generated by org.testng.reporters.JUnitReportReporter -->
<testsuite hostname="DESKTOP-DASD028" failures="0" tests="1" name="objects.testcase1" time="76.476" errors="0" timestamp="2023-02-21T16:57:55 IST" skipped="0">
  <testcase classname="objects.testcase1" name="login" time="76.476"/>
  <system-out/>
</testsuite> <!-- objects.testcase1 -->
